========================================================================= 
Log Path: /Users/bigcomputer/Desktop/UCI/LanderLab/BigSur/log/BigSurRun2023-10-11.txt.log 
Program Path: /Users/bigcomputer/Desktop/UCI/LanderLab/R_test/test_package.R 
Working Directory: /Users/bigcomputer/Desktop/UCI/LanderLab/BigSur 
User Name: bigcomputer 
R Version: 4.3.1 (2023-06-16) 
Machine: dhcp-v079-228.mobile.uci.edu arm64 
Operating System: Darwin 22.5.0 Darwin Kernel Version 22.5.0: Mon Apr 24 20:53:19 PDT 2023; root:xnu-8796.121.2~5/RELEASE_ARM64_T6020 
Base Packages: stats graphics grDevices utils datasets methods base Other Packages: BigSur_1.0.0 SeuratObject_4.1.3 sp_2.0-0 
Log Start Time: 2023-10-11 08:34:37.126142 
========================================================================= 

Pipeline started execution. 

NOTE: Log Print Time:  2023-10-11 08:34:37.126753 
NOTE: Elapsed Time: 0.000306129455566406 secs 

Modified corrected Pearson residuals calculated. 

NOTE: Log Print Time:  2023-10-11 08:34:47.892309 
NOTE: Elapsed Time: 10.7655558586121 secs 

Modified corrected Fano factors calculated. 

NOTE: Log Print Time:  2023-10-11 08:34:48.098455 
NOTE: Elapsed Time: 0.206146001815796 secs 

Beginning identification of significant mcFanos. 

NOTE: Log Print Time:  2023-10-11 08:34:48.09901 
NOTE: Elapsed Time: 0.000555038452148438 secs 

Highly variable features identified. 

NOTE: Log Print Time:  2023-10-11 08:35:20.263626 
NOTE: Elapsed Time: 32.1646161079407 secs 

